2024.10.27 22:13:32 INFO  Started: Metals version 1.4.0 in folders 'C:\Users\LENOVO\Desktop\Taller Paralelismo de Datos 2024-II' for client Visual Studio Code 1.94.2.
2024.10.27 22:13:32 INFO  time: initialize in 0.14s
2024.10.27 22:13:34 WARN  Flyway upgrade recommended: H2 2.3.232 is newer than this version of Flyway and support has not been tested. The latest supported version of H2 is 2.2.224.
2024.10.27 22:13:36 INFO  no build target found for C:\Users\LENOVO\Desktop\Taller Paralelismo de Datos 2024-II\src\test\scala\Pruebas.sc. Using presentation compiler with project's scala-library version: 3.3.4
2024.10.27 22:13:48 INFO  no build target found for C:\Users\LENOVO\Desktop\Taller Paralelismo de Datos 2024-II\src\test\scala\Pruebas.sc. Using presentation compiler with project's scala-library version: 3.3.4
oct. 27, 2024 10:13:48 P. M. org.eclipse.lsp4j.jsonrpc.RemoteEndpoint handleCancellation
ADVERTENCIA: Unmatched cancel notification for request id 1
oct. 27, 2024 10:13:48 P. M. org.eclipse.lsp4j.jsonrpc.RemoteEndpoint handleCancellation
ADVERTENCIA: Unmatched cancel notification for request id 3
oct. 27, 2024 10:13:48 P. M. org.eclipse.lsp4j.jsonrpc.RemoteEndpoint handleCancellation
ADVERTENCIA: Unmatched cancel notification for request id 5
oct. 27, 2024 10:13:48 P. M. org.eclipse.lsp4j.jsonrpc.RemoteEndpoint handleCancellation
ADVERTENCIA: Unmatched cancel notification for request id 2
2024.10.27 22:13:48 INFO  running 'C:\Users\LENOVO\AppData\Local\Coursier\cache\arc\https\github.com\adoptium\temurin11-binaries\releases\download\jdk-11.0.24%252B8\OpenJDK11U-jdk_x64_windows_hotspot_11.0.24_8.zip\jdk-11.0.24+8\bin\java.exe -Djline.terminal=jline.UnsupportedTerminal -Dsbt.log.noformat=true -Dfile.encoding=UTF-8 -jar C:\Users\LENOVO\AppData\Local\Temp\metals16232391642188979046\sbt-launch.jar -Dbloop.export-jar-classifiers=sources bloopInstall'
2024.10.27 22:13:49 INFO  no build target found for C:\Users\LENOVO\Desktop\Taller Paralelismo de Datos 2024-II\src\test\scala\Pruebas.sc. Using presentation compiler with project's scala-library version: 3.3.4
2024.10.27 22:13:49 INFO  no build target found for C:\Users\LENOVO\Desktop\Taller Paralelismo de Datos 2024-II\src\test\scala\Pruebas.sc. Using presentation compiler with project's scala-library version: 3.3.4
2024.10.27 22:13:51 INFO  no build target found for C:\Users\LENOVO\Desktop\Taller Paralelismo de Datos 2024-II\src\test\scala\Pruebas.sc. Using presentation compiler with project's scala-library version: 3.3.4
2024.10.27 22:13:51 INFO  no build target found for C:\Users\LENOVO\Desktop\Taller Paralelismo de Datos 2024-II\src\test\scala\Pruebas.sc. Using presentation compiler with project's scala-library version: 3.3.4
2024.10.27 22:13:52 INFO  no build target found for C:\Users\LENOVO\Desktop\Taller Paralelismo de Datos 2024-II\src\test\scala\Pruebas.sc. Using presentation compiler with project's scala-library version: 3.3.4
2024.10.27 22:13:52 INFO  no build target found for C:\Users\LENOVO\Desktop\Taller Paralelismo de Datos 2024-II\src\test\scala\Pruebas.sc. Using presentation compiler with project's scala-library version: 3.3.4
2024.10.27 22:13:55 ERROR [info] [launcher] getting org.scala-sbt sbt 1.10.3  (this may take some time)...
2024.10.27 22:13:56 INFO  no build target found for C:\Users\LENOVO\Desktop\Taller Paralelismo de Datos 2024-II\src\test\scala\Pruebas.sc. Using presentation compiler with project's scala-library version: 3.3.4
2024.10.27 22:13:56 INFO  no build target found for C:\Users\LENOVO\Desktop\Taller Paralelismo de Datos 2024-II\src\test\scala\Pruebas.sc. Using presentation compiler with project's scala-library version: 3.3.4
2024.10.27 22:13:58 INFO  no build target found for C:\Users\LENOVO\Desktop\Taller Paralelismo de Datos 2024-II\src\test\scala\Pruebas.sc. Using presentation compiler with project's scala-library version: 3.3.4
2024.10.27 22:13:59 INFO  no build target found for C:\Users\LENOVO\Desktop\Taller Paralelismo de Datos 2024-II\src\test\scala\Pruebas.sc. Using presentation compiler with project's scala-library version: 3.3.4
2024.10.27 22:13:59 INFO  no build target found for C:\Users\LENOVO\Desktop\Taller Paralelismo de Datos 2024-II\src\test\scala\Pruebas.sc. Using presentation compiler with project's scala-library version: 3.3.4
2024.10.27 22:14:01 INFO  no build target found for C:\Users\LENOVO\Desktop\Taller Paralelismo de Datos 2024-II\src\test\scala\Pruebas.sc. Using presentation compiler with project's scala-library version: 3.3.4
2024.10.27 22:14:01 INFO  no build target found for C:\Users\LENOVO\Desktop\Taller Paralelismo de Datos 2024-II\src\test\scala\Pruebas.sc. Using presentation compiler with project's scala-library version: 3.3.4
2024.10.27 22:14:20 INFO  no build target found for C:\Users\LENOVO\Desktop\Taller Paralelismo de Datos 2024-II\src\test\scala\Pruebas.sc. Using presentation compiler with project's scala-library version: 3.3.4
2024.10.27 22:14:20 INFO  no build target found for C:\Users\LENOVO\Desktop\Taller Paralelismo de Datos 2024-II\build.sbt. Using presentation compiler with project's scala-library version: 3.3.4
2024.10.27 22:14:23 INFO  no build target found for C:\Users\LENOVO\Desktop\Taller Paralelismo de Datos 2024-II\build.sbt. Using presentation compiler with project's scala-library version: 3.3.4
2024.10.27 22:14:26 INFO  no build target found for C:\Users\LENOVO\Desktop\Taller Paralelismo de Datos 2024-II\build.sbt. Using presentation compiler with project's scala-library version: 3.3.4
2024.10.27 22:14:26 INFO  no build target found for C:\Users\LENOVO\Desktop\Taller Paralelismo de Datos 2024-II\src\test\scala\Pruebas.sc. Using presentation compiler with project's scala-library version: 3.3.4
2024.10.27 22:14:26 INFO  no build target found for C:\Users\LENOVO\Desktop\Taller Paralelismo de Datos 2024-II\src\test\scala\Pruebas.sc. Using presentation compiler with project's scala-library version: 3.3.4
2024.10.27 22:14:28 INFO  no build target found for C:\Users\LENOVO\Desktop\Taller Paralelismo de Datos 2024-II\src\test\scala\Pruebas.sc. Using presentation compiler with project's scala-library version: 3.3.4
oct. 27, 2024 10:14:28 P. M. org.eclipse.lsp4j.jsonrpc.RemoteEndpoint handleCancellation
ADVERTENCIA: Unmatched cancel notification for request id 33
2024.10.27 22:14:28 INFO  no build target found for C:\Users\LENOVO\Desktop\Taller Paralelismo de Datos 2024-II\src\test\scala\Pruebas.sc. Using presentation compiler with project's scala-library version: 3.3.4
2024.10.27 22:14:33 ERROR [info] [launcher] getting Scala 2.12.20 (for sbt)...
2024.10.27 22:14:38 INFO  no build target found for C:\Users\LENOVO\Desktop\Taller Paralelismo de Datos 2024-II\src\test\scala\Pruebas.sc. Using presentation compiler with project's scala-library version: 3.3.4
2024.10.27 22:14:39 INFO  no build target found for C:\Users\LENOVO\Desktop\Taller Paralelismo de Datos 2024-II\src\main\scala\kmedianas2D\package.scala. Using presentation compiler with project's scala-library version: 3.3.4
2024.10.27 22:14:41 INFO  no build target found for C:\Users\LENOVO\Desktop\Taller Paralelismo de Datos 2024-II\src\main\scala\kmedianas2D\package.scala. Using presentation compiler with project's scala-library version: 3.3.4
2024.10.27 22:14:41 INFO  no build target found for C:\Users\LENOVO\Desktop\Taller Paralelismo de Datos 2024-II\src\main\scala\kmedianas2D\package.scala. Using presentation compiler with project's scala-library version: 3.3.4
2024.10.27 22:14:42 INFO  no build target found for C:\Users\LENOVO\Desktop\Taller Paralelismo de Datos 2024-II\src\main\scala\kmedianas2D\package.scala. Using presentation compiler with project's scala-library version: 3.3.4
oct. 27, 2024 10:14:45 P. M. org.eclipse.lsp4j.jsonrpc.RemoteEndpoint handleCancellation
ADVERTENCIA: Unmatched cancel notification for request id 53
2024.10.27 22:14:46 INFO  no build target found for C:\Users\LENOVO\Desktop\Taller Paralelismo de Datos 2024-II\src\main\scala\kmedianas2D\package.scala. Using presentation compiler with project's scala-library version: 3.3.4
2024.10.27 22:14:46 INFO  no build target found for C:\Users\LENOVO\Desktop\Taller Paralelismo de Datos 2024-II\src\main\scala\kmedianas2D\package.scala. Using presentation compiler with project's scala-library version: 3.3.4
2024.10.27 22:14:49 INFO  no build target found for C:\Users\LENOVO\Desktop\Taller Paralelismo de Datos 2024-II\src\main\scala\kmedianas2D\package.scala. Using presentation compiler with project's scala-library version: 3.3.4
2024.10.27 22:14:49 INFO  no build target found for C:\Users\LENOVO\Desktop\Taller Paralelismo de Datos 2024-II\src\main\scala\common\package.scala. Using presentation compiler with project's scala-library version: 3.3.4
2024.10.27 22:14:52 INFO  no build target found for C:\Users\LENOVO\Desktop\Taller Paralelismo de Datos 2024-II\src\main\scala\common\package.scala. Using presentation compiler with project's scala-library version: 3.3.4
2024.10.27 22:14:52 INFO  no build target found for C:\Users\LENOVO\Desktop\Taller Paralelismo de Datos 2024-II\src\main\scala\common\package.scala. Using presentation compiler with project's scala-library version: 3.3.4
2024.10.27 22:14:52 INFO  no build target found for C:\Users\LENOVO\Desktop\Taller Paralelismo de Datos 2024-II\src\main\scala\common\package.scala. Using presentation compiler with project's scala-library version: 3.3.4
oct. 27, 2024 10:14:53 P. M. org.eclipse.lsp4j.jsonrpc.RemoteEndpoint handleCancellation
ADVERTENCIA: Unmatched cancel notification for request id 64
oct. 27, 2024 10:14:53 P. M. org.eclipse.lsp4j.jsonrpc.RemoteEndpoint handleCancellation
ADVERTENCIA: Unmatched cancel notification for request id 62
2024.10.27 22:14:52 INFO  no build target found for C:\Users\LENOVO\Desktop\Taller Paralelismo de Datos 2024-II\src\main\scala\common\package.scala. Using presentation compiler with project's scala-library version: 3.3.4
2024.10.27 22:14:54 INFO  no build target found for C:\Users\LENOVO\Desktop\Taller Paralelismo de Datos 2024-II\src\main\scala\Benchmark\package.scala. Using presentation compiler with project's scala-library version: 3.3.4
2024.10.27 22:14:57 INFO  no build target found for C:\Users\LENOVO\Desktop\Taller Paralelismo de Datos 2024-II\src\main\scala\Benchmark\package.scala. Using presentation compiler with project's scala-library version: 3.3.4
2024.10.27 22:14:57 INFO  no build target found for C:\Users\LENOVO\Desktop\Taller Paralelismo de Datos 2024-II\src\main\scala\Benchmark\package.scala. Using presentation compiler with project's scala-library version: 3.3.4
2024.10.27 22:15:10 INFO  [info] welcome to sbt 1.10.3 (Eclipse Adoptium Java 11.0.24)
2024.10.27 22:15:18 INFO  [info] loading settings for project taller-paralelismo-de-datos-2024-ii-build-build from metals.sbt ...
2024.10.27 22:15:23 INFO  [info] loading project definition from C:\Users\LENOVO\Desktop\Taller Paralelismo de Datos 2024-II\project\project
2024.10.27 22:15:29 INFO  no build target found for C:\Users\LENOVO\Desktop\Taller Paralelismo de Datos 2024-II\src\main\scala\Benchmark\package.scala. Using presentation compiler with project's scala-library version: 3.3.4
2024.10.27 22:15:41 INFO  no build target found for C:\Users\LENOVO\Desktop\Taller Paralelismo de Datos 2024-II\src\main\scala\Benchmark\package.scala. Using presentation compiler with project's scala-library version: 3.3.4
2024.10.27 22:15:41 INFO  no build target found for C:\Users\LENOVO\Desktop\Taller Paralelismo de Datos 2024-II\src\main\scala\Benchmark\package.scala. Using presentation compiler with project's scala-library version: 3.3.4
2024.10.27 22:15:41 INFO  no build target found for C:\Users\LENOVO\Desktop\Taller Paralelismo de Datos 2024-II\src\main\scala\Benchmark\package.scala. Using presentation compiler with project's scala-library version: 3.3.4
2024.10.27 22:15:42 INFO  no build target found for C:\Users\LENOVO\Desktop\Taller Paralelismo de Datos 2024-II\src\main\scala\Benchmark\package.scala. Using presentation compiler with project's scala-library version: 3.3.4
2024.10.27 22:15:43 INFO  no build target found for C:\Users\LENOVO\Desktop\Taller Paralelismo de Datos 2024-II\src\main\scala\Benchmark\package.scala. Using presentation compiler with project's scala-library version: 3.3.4
2024.10.27 22:15:43 INFO  no build target found for C:\Users\LENOVO\Desktop\Taller Paralelismo de Datos 2024-II\src\main\scala\Benchmark\package.scala. Using presentation compiler with project's scala-library version: 3.3.4
2024.10.27 22:15:46 INFO  no build target found for C:\Users\LENOVO\Desktop\Taller Paralelismo de Datos 2024-II\src\main\scala\Benchmark\package.scala. Using presentation compiler with project's scala-library version: 3.3.4
2024.10.27 22:15:48 INFO  no build target found for C:\Users\LENOVO\Desktop\Taller Paralelismo de Datos 2024-II\src\main\scala\Benchmark\package.scala. Using presentation compiler with project's scala-library version: 3.3.4
2024.10.27 22:15:49 INFO  no build target found for C:\Users\LENOVO\Desktop\Taller Paralelismo de Datos 2024-II\src\main\scala\Benchmark\package.scala. Using presentation compiler with project's scala-library version: 3.3.4
2024.10.27 22:15:49 INFO  no build target found for C:\Users\LENOVO\Desktop\Taller Paralelismo de Datos 2024-II\src\main\scala\Benchmark\package.scala. Using presentation compiler with project's scala-library version: 3.3.4
2024.10.27 22:15:49 INFO  no build target found for C:\Users\LENOVO\Desktop\Taller Paralelismo de Datos 2024-II\src\main\scala\Benchmark\package.scala. Using presentation compiler with project's scala-library version: 3.3.4
2024.10.27 22:15:50 INFO  [info] loading settings for project taller-paralelismo-de-datos-2024-ii-build from metals.sbt ...
2024.10.27 22:15:52 INFO  [info] loading project definition from C:\Users\LENOVO\Desktop\Taller Paralelismo de Datos 2024-II\project
2024.10.27 22:15:52 INFO  no build target found for C:\Users\LENOVO\Desktop\Taller Paralelismo de Datos 2024-II\src\main\scala\Benchmark\package.scala. Using presentation compiler with project's scala-library version: 3.3.4
2024.10.27 22:16:17 INFO  no build target found for C:\Users\LENOVO\Desktop\Taller Paralelismo de Datos 2024-II\src\main\scala\Benchmark\package.scala. Using presentation compiler with project's scala-library version: 3.3.4
2024.10.27 22:16:17 INFO  no build target found for C:\Users\LENOVO\Desktop\Taller Paralelismo de Datos 2024-II\src\main\scala\kmedianas2D\package.scala. Using presentation compiler with project's scala-library version: 3.3.4
2024.10.27 22:16:26 INFO  no build target found for C:\Users\LENOVO\Desktop\Taller Paralelismo de Datos 2024-II\src\main\scala\kmedianas2D\package.scala. Using presentation compiler with project's scala-library version: 3.3.4
2024.10.27 22:16:26 INFO  no build target found for C:\Users\LENOVO\Desktop\Taller Paralelismo de Datos 2024-II\src\main\scala\common\package.scala. Using presentation compiler with project's scala-library version: 3.3.4
2024.10.27 22:16:30 INFO  no build target found for C:\Users\LENOVO\Desktop\Taller Paralelismo de Datos 2024-II\src\main\scala\common\package.scala. Using presentation compiler with project's scala-library version: 3.3.4
2024.10.27 22:16:32 INFO  no build target found for C:\Users\LENOVO\Desktop\Taller Paralelismo de Datos 2024-II\src\main\scala\common\package.scala. Using presentation compiler with project's scala-library version: 3.3.4
2024.10.27 22:16:32 INFO  no build target found for C:\Users\LENOVO\Desktop\Taller Paralelismo de Datos 2024-II\src\main\scala\Benchmark\package.scala. Using presentation compiler with project's scala-library version: 3.3.4
2024.10.27 22:16:33 INFO  no build target found for C:\Users\LENOVO\Desktop\Taller Paralelismo de Datos 2024-II\src\main\scala\Benchmark\package.scala. Using presentation compiler with project's scala-library version: 3.3.4
2024.10.27 22:16:35 INFO  [success] Generated .bloop\taller-paralelismo-de-datos-2024-ii-build.json
2024.10.27 22:16:36 INFO  [success] Total time: 43 s, completed 27/10/2024, 10:16:36 p. m.
2024.10.27 22:16:39 INFO  no build target found for C:\Users\LENOVO\Desktop\Taller Paralelismo de Datos 2024-II\src\main\scala\Benchmark\package.scala. Using presentation compiler with project's scala-library version: 3.3.4
2024.10.27 22:16:39 INFO  no build target found for C:\Users\LENOVO\Desktop\Taller Paralelismo de Datos 2024-II\src\main\scala\Benchmark\package.scala. Using presentation compiler with project's scala-library version: 3.3.4
2024.10.27 22:16:40 INFO  no build target found for C:\Users\LENOVO\Desktop\Taller Paralelismo de Datos 2024-II\src\main\scala\Benchmark\package.scala. Using presentation compiler with project's scala-library version: 3.3.4
2024.10.27 22:17:00 INFO  [info] loading settings for project root from build.sbt ...
2024.10.27 22:17:04 INFO  [info] set current project to Taller Paralelismo de Datos 2024-II (in build file:/C:/Users/LENOVO/Desktop/Taller%20Paralelismo%20de%20Datos%202024-II/)
2024.10.27 22:17:20 INFO  no build target found for C:\Users\LENOVO\Desktop\Taller Paralelismo de Datos 2024-II\src\main\scala\Benchmark\package.scala. Using presentation compiler with project's scala-library version: 3.3.4
2024.10.27 22:17:20 INFO  no build target found for C:\Users\LENOVO\Desktop\Taller Paralelismo de Datos 2024-II\src\main\scala\common\package.scala. Using presentation compiler with project's scala-library version: 3.3.4
2024.10.27 22:17:21 INFO  no build target found for C:\Users\LENOVO\Desktop\Taller Paralelismo de Datos 2024-II\src\main\scala\common\package.scala. Using presentation compiler with project's scala-library version: 3.3.4
2024.10.27 22:17:23 INFO  no build target found for C:\Users\LENOVO\Desktop\Taller Paralelismo de Datos 2024-II\src\main\scala\common\package.scala. Using presentation compiler with project's scala-library version: 3.3.4
2024.10.27 22:17:24 INFO  no build target found for C:\Users\LENOVO\Desktop\Taller Paralelismo de Datos 2024-II\src\main\scala\kmedianas2D\package.scala. Using presentation compiler with project's scala-library version: 3.3.4
2024.10.27 22:17:26 INFO  no build target found for C:\Users\LENOVO\Desktop\Taller Paralelismo de Datos 2024-II\src\main\scala\kmedianas2D\package.scala. Using presentation compiler with project's scala-library version: 3.3.4
2024.10.27 22:17:28 INFO  no build target found for C:\Users\LENOVO\Desktop\Taller Paralelismo de Datos 2024-II\src\main\scala\kmedianas2D\package.scala. Using presentation compiler with project's scala-library version: 3.3.4
2024.10.27 22:17:32 INFO  no build target found for C:\Users\LENOVO\Desktop\Taller Paralelismo de Datos 2024-II\src\main\scala\kmedianas2D\package.scala. Using presentation compiler with project's scala-library version: 3.3.4
2024.10.27 22:17:32 INFO  no build target found for C:\Users\LENOVO\Desktop\Taller Paralelismo de Datos 2024-II\src\main\scala\common\package.scala. Using presentation compiler with project's scala-library version: 3.3.4
2024.10.27 22:17:33 INFO  no build target found for C:\Users\LENOVO\Desktop\Taller Paralelismo de Datos 2024-II\src\main\scala\common\package.scala. Using presentation compiler with project's scala-library version: 3.3.4
oct. 27, 2024 10:17:33 P. M. org.eclipse.lsp4j.jsonrpc.RemoteEndpoint handleCancellation
ADVERTENCIA: Unmatched cancel notification for request id 151
oct. 27, 2024 10:17:33 P. M. org.eclipse.lsp4j.jsonrpc.RemoteEndpoint handleCancellation
ADVERTENCIA: Unmatched cancel notification for request id 146
oct. 27, 2024 10:17:33 P. M. org.eclipse.lsp4j.jsonrpc.RemoteEndpoint handleCancellation
ADVERTENCIA: Unmatched cancel notification for request id 147
2024.10.27 22:17:33 INFO  no build target found for C:\Users\LENOVO\Desktop\Taller Paralelismo de Datos 2024-II\src\main\scala\common\package.scala. Using presentation compiler with project's scala-library version: 3.3.4
2024.10.27 22:17:33 INFO  no build target found for C:\Users\LENOVO\Desktop\Taller Paralelismo de Datos 2024-II\src\main\scala\Benchmark\package.scala. Using presentation compiler with project's scala-library version: 3.3.4
2024.10.27 22:17:34 INFO  no build target found for C:\Users\LENOVO\Desktop\Taller Paralelismo de Datos 2024-II\src\main\scala\Benchmark\package.scala. Using presentation compiler with project's scala-library version: 3.3.4
2024.10.27 22:17:35 INFO  no build target found for C:\Users\LENOVO\Desktop\Taller Paralelismo de Datos 2024-II\src\main\scala\Benchmark\package.scala. Using presentation compiler with project's scala-library version: 3.3.4
2024.10.27 22:17:35 INFO  no build target found for C:\Users\LENOVO\Desktop\Taller Paralelismo de Datos 2024-II\src\main\scala\Benchmark\package.scala. Using presentation compiler with project's scala-library version: 3.3.4
2024.10.27 22:17:37 INFO  no build target found for C:\Users\LENOVO\Desktop\Taller Paralelismo de Datos 2024-II\src\main\scala\Benchmark\package.scala. Using presentation compiler with project's scala-library version: 3.3.4
2024.10.27 22:17:46 INFO  [warn] scala-library-2.13.10-sources.jar no longer exists at C:\Users\hp\AppData\Local\Coursier\Cache\v1\https\repo1.maven.org\maven2\org\scala-lang\scala-library\2.13.10\scala-library-2.13.10-sources.jar
2024.10.27 22:17:51 INFO  [success] Generated .bloop\root-test.json
2024.10.27 22:17:51 INFO  [success] Generated .bloop\root.json
2024.10.27 22:17:51 INFO  [success] Total time: 39 s, completed 27/10/2024, 10:17:51 p. m.
2024.10.27 22:17:51 INFO  time: ran 'sbt bloopInstall' in 4m2s
2024.10.27 22:17:51 INFO  Attempting to connect to the build server...
2024.10.27 22:17:51 INFO  No running Bloop server found, starting one.
2024.10.27 22:18:09 INFO  Starting compilation server
2024.10.27 22:18:20 INFO  no build target found for C:\Users\LENOVO\Desktop\Taller Paralelismo de Datos 2024-II\src\main\scala\Benchmark\package.scala. Using presentation compiler with project's scala-library version: 3.3.4
2024.10.27 22:18:22 INFO  no build target found for C:\Users\LENOVO\Desktop\Taller Paralelismo de Datos 2024-II\src\main\scala\Benchmark\package.scala. Using presentation compiler with project's scala-library version: 3.3.4
2024.10.27 22:18:23 INFO  no build target found for C:\Users\LENOVO\Desktop\Taller Paralelismo de Datos 2024-II\src\main\scala\Benchmark\package.scala. Using presentation compiler with project's scala-library version: 3.3.4
2024.10.27 22:18:28 INFO  tracing is disabled for protocol BSP, to enable tracing of incoming and outgoing JSON messages create an empty file at C:\Users\LENOVO\Desktop\Taller Paralelismo de Datos 2024-II\.metals\bsp.trace.json or C:\Users\LENOVO\AppData\Local\scalameta\metals\cache\bsp.trace.json
2024.10.27 22:18:36 INFO  Attempting to connect to the build server...
2024.10.27 22:18:36 INFO  Found a Bloop server running
2024.10.27 22:18:37 INFO  tracing is disabled for protocol BSP, to enable tracing of incoming and outgoing JSON messages create an empty file at C:\Users\LENOVO\Desktop\Taller Paralelismo de Datos 2024-II\project\.metals\bsp.trace.json or C:\Users\LENOVO\AppData\Local\scalameta\metals\cache\bsp.trace.json
2024.10.27 22:18:41 INFO  time: Connected to build server in 49s
2024.10.27 22:18:41 INFO  Connected to Build server: Bloop v2.0.3
2024.10.27 22:18:42 INFO  time: Imported build in 1.11s
2024.10.27 22:18:42 INFO  running doctor check
2024.10.27 22:18:42 INFO  java targets: root-test, taller-paralelismo-de-datos-2024-ii-build, root
2024.10.27 22:18:42 WARN  2.13.10 is no longer supported in the current Metals versions, using the last known supported version 1.3.3
2024.10.27 22:18:59 WARN  Flyway upgrade recommended: H2 2.3.232 is newer than this version of Flyway and support has not been tested. The latest supported version of H2 is 2.2.224.
oct. 27, 2024 10:19:47 P. M. org.eclipse.lsp4j.jsonrpc.RemoteEndpoint handleCancellation
ADVERTENCIA: Unmatched cancel notification for request id 177
oct. 27, 2024 10:19:47 P. M. org.eclipse.lsp4j.jsonrpc.RemoteEndpoint handleCancellation
ADVERTENCIA: Unmatched cancel notification for request id 175
2024.10.27 22:19:52 INFO  compiling root (3 scala sources)
2024.10.27 22:19:56 INFO  Non-compiled module 'compiler-bridge_2.13' for Scala 2.13.10. Compiling...
2024.10.27 22:21:55 INFO  time: indexed workspace in 3m13s
2024.10.27 22:22:03 INFO  Compilation completed in 126.988s.
2024.10.27 22:22:44 INFO  time: compiled root in 2m52s
2024.10.27 22:22:49 INFO  time: code lens generation in 1.32s
2024.10.27 22:22:49 INFO  time: code lens generation in 1.33s
2024.10.27 22:22:49 INFO  time: code lens generation in 1.36s
2024.10.27 22:22:49 INFO  time: code lens generation in 1.35s
2024.10.27 22:22:49 INFO  time: code lens generation in 1.34s
2024.10.27 22:22:49 INFO  time: code lens generation in 1.7s
2024.10.27 22:22:49 INFO  time: code lens generation in 1.34s
2024.10.27 22:22:49 INFO  time: code lens generation in 1.35s
2024.10.27 22:22:49 INFO  time: code lens generation in 1.69s
2024.10.27 22:22:49 INFO  time: code lens generation in 1.36s
2024.10.27 22:22:49 INFO  time: code lens generation in 1.33s
2024.10.27 22:22:49 INFO  time: code lens generation in 1.69s
2024.10.27 22:22:49 INFO  time: code lens generation in 1.34s
2024.10.27 22:22:49 INFO  time: code lens generation in 1.7s
2024.10.27 22:22:49 INFO  time: code lens generation in 1.7s
2024.10.27 22:22:49 INFO  time: code lens generation in 1.7s
2024.10.27 22:22:49 INFO  time: code lens generation in 1.36s
2024.10.27 22:22:49 INFO  time: code lens generation in 1.7s
2024.10.27 22:23:21 INFO  time: code lens generation in 32s
oct. 27, 2024 10:37:01 P. M. org.eclipse.lsp4j.jsonrpc.RemoteEndpoint handleCancellation
ADVERTENCIA: Unmatched cancel notification for request id 209
2024.10.27 23:15:18 INFO  compiling root (1 scala source)
oct. 27, 2024 11:15:31 P. M. org.eclipse.lsp4j.jsonrpc.RemoteEndpoint handleCancellation
ADVERTENCIA: Unmatched cancel notification for request id 241
oct. 27, 2024 11:15:31 P. M. org.eclipse.lsp4j.jsonrpc.RemoteEndpoint handleCancellation
ADVERTENCIA: Unmatched cancel notification for request id 242
2024.10.27 23:15:32 INFO  time: compiled root in 13s
oct. 27, 2024 11:15:32 P. M. scala.meta.internal.pc.CompilerAccess retryWithCleanCompiler
INFORMACIÓN: compiler crashed due to an error in the Scala compiler, retrying with new compiler instance.
oct. 27, 2024 11:15:46 P. M. org.eclipse.lsp4j.jsonrpc.RemoteEndpoint handleCancellation
ADVERTENCIA: Unmatched cancel notification for request id 255
oct. 27, 2024 11:15:52 P. M. org.eclipse.lsp4j.jsonrpc.RemoteEndpoint handleCancellation
ADVERTENCIA: Unmatched cancel notification for request id 269
oct. 27, 2024 11:16:21 P. M. org.eclipse.lsp4j.jsonrpc.RemoteEndpoint handleCancellation
ADVERTENCIA: Unmatched cancel notification for request id 343
oct. 27, 2024 11:17:46 P. M. org.eclipse.lsp4j.jsonrpc.RemoteEndpoint handleCancellation
ADVERTENCIA: Unmatched cancel notification for request id 359
oct. 27, 2024 11:17:52 P. M. org.eclipse.lsp4j.jsonrpc.RemoteEndpoint handleCancellation
ADVERTENCIA: Unmatched cancel notification for request id 371
oct. 27, 2024 11:17:52 P. M. org.eclipse.lsp4j.jsonrpc.RemoteEndpoint handleCancellation
ADVERTENCIA: Unmatched cancel notification for request id 373
oct. 27, 2024 11:18:10 P. M. org.eclipse.lsp4j.jsonrpc.RemoteEndpoint handleCancellation
ADVERTENCIA: Unmatched cancel notification for request id 397
oct. 27, 2024 11:18:18 P. M. org.eclipse.lsp4j.jsonrpc.RemoteEndpoint handleCancellation
ADVERTENCIA: Unmatched cancel notification for request id 407
oct. 27, 2024 11:18:35 P. M. org.eclipse.lsp4j.jsonrpc.RemoteEndpoint handleCancellation
ADVERTENCIA: Unmatched cancel notification for request id 411
2024.10.27 23:45:29 INFO  Shutting down server
2024.10.27 23:45:29 INFO  shutting down Metals
2024.10.27 23:45:30 INFO  Shut down connection with build server.
2024.10.27 23:45:32 ERROR timeout: build server 'bloop' during shutdown
2024.10.27 23:47:30 INFO  Started: Metals version 1.4.0 in folders 'C:\Users\LENOVO\Desktop\Taller Paralelismo de Datos 2024-II' for client Visual Studio Code 1.94.2.
2024.10.27 23:47:34 WARN  Flyway upgrade recommended: H2 2.3.232 is newer than this version of Flyway and support has not been tested. The latest supported version of H2 is 2.2.224.
2024.10.27 23:47:35 INFO  no build target found for C:\Users\LENOVO\Desktop\Taller Paralelismo de Datos 2024-II\src\main\scala\Benchmark\package.scala. Using presentation compiler with project's scala-library version: 3.3.4
2024.10.27 23:47:36 INFO  Attempting to connect to the build server...
2024.10.27 23:47:36 INFO  Found a Bloop server running
2024.10.27 23:47:44 INFO  tracing is disabled for protocol BSP, to enable tracing of incoming and outgoing JSON messages create an empty file at C:\Users\LENOVO\Desktop\Taller Paralelismo de Datos 2024-II\.metals\bsp.trace.json
2024.10.27 23:47:45 INFO  Attempting to connect to the build server...
2024.10.27 23:47:45 INFO  Found a Bloop server running
2024.10.27 23:47:50 INFO  tracing is disabled for protocol BSP, to enable tracing of incoming and outgoing JSON messages create an empty file at C:\Users\LENOVO\Desktop\Taller Paralelismo de Datos 2024-II\project\.metals\bsp.trace.json
2024.10.27 23:47:50 INFO  time: Connected to build server in 13s
2024.10.27 23:47:50 INFO  Connected to Build server: Bloop v2.0.3
2024.10.27 23:47:51 INFO  time: Imported build in 0.83s
2024.10.27 23:47:52 INFO  running doctor check
2024.10.27 23:47:52 INFO  java targets: root-test, taller-paralelismo-de-datos-2024-ii-build, root
2024.10.27 23:47:52 WARN  2.13.10 is no longer supported in the current Metals versions, using the last known supported version 1.3.3
2024.10.27 23:48:15 WARN  Flyway upgrade recommended: H2 2.3.232 is newer than this version of Flyway and support has not been tested. The latest supported version of H2 is 2.2.224.
2024.10.27 23:48:21 INFO  time: indexed workspace in 30s
oct. 27, 2024 11:49:15 P. M. org.eclipse.lsp4j.jsonrpc.services.GenericEndpoint notify
INFORMACIÓN: Unsupported notification method: $/setTrace
oct. 27, 2024 11:49:22 P. M. org.eclipse.lsp4j.jsonrpc.RemoteEndpoint handleCancellation
ADVERTENCIA: Unmatched cancel notification for request id 52
oct. 27, 2024 11:49:42 P. M. org.eclipse.lsp4j.jsonrpc.RemoteEndpoint handleCancellation
ADVERTENCIA: Unmatched cancel notification for request id 85
oct. 27, 2024 11:49:49 P. M. org.eclipse.lsp4j.jsonrpc.RemoteEndpoint handleCancellation
ADVERTENCIA: Unmatched cancel notification for request id 108
oct. 27, 2024 11:50:17 P. M. org.eclipse.lsp4j.jsonrpc.RemoteEndpoint handleCancellation
ADVERTENCIA: Unmatched cancel notification for request id 123
2024.10.27 23:50:37 INFO  Shutting down server
2024.10.27 23:50:37 INFO  shutting down Metals
2024.10.27 23:50:38 INFO  Shut down connection with build server.
2024.10.27 23:50:37 INFO  Exiting server
2024.10.27 23:50:40 INFO  Shut down connection with build server.
2024.10.27 23:51:45 INFO  Started: Metals version 1.4.0 in folders 'C:\Users\LENOVO\Desktop\Taller Paralelismo de Datos 2024-II' for client Visual Studio Code 1.94.2.
2024.10.27 23:51:45 INFO  time: initialize in 0.27s
2024.10.27 23:51:49 WARN  Flyway upgrade recommended: H2 2.3.232 is newer than this version of Flyway and support has not been tested. The latest supported version of H2 is 2.2.224.
2024.10.27 23:51:50 INFO  no build target found for C:\Users\LENOVO\Desktop\Taller Paralelismo de Datos 2024-II\src\main\scala\kmedianas2D\package.scala. Using presentation compiler with project's scala-library version: 3.3.4
2024.10.27 23:52:00 INFO  no build target found for C:\Users\LENOVO\Desktop\Taller Paralelismo de Datos 2024-II\src\main\scala\kmedianas2D\package.scala. Using presentation compiler with project's scala-library version: 3.3.4
2024.10.27 23:52:00 INFO  Attempting to connect to the build server...
2024.10.27 23:52:00 INFO  Found a Bloop server running
2024.10.27 23:52:07 INFO  tracing is disabled for protocol BSP, to enable tracing of incoming and outgoing JSON messages create an empty file at C:\Users\LENOVO\Desktop\Taller Paralelismo de Datos 2024-II\.metals\bsp.trace.json
2024.10.27 23:52:08 INFO  Attempting to connect to the build server...
2024.10.27 23:52:08 INFO  Found a Bloop server running
2024.10.27 23:52:13 INFO  tracing is disabled for protocol BSP, to enable tracing of incoming and outgoing JSON messages create an empty file at C:\Users\LENOVO\Desktop\Taller Paralelismo de Datos 2024-II\project\.metals\bsp.trace.json
2024.10.27 23:52:13 INFO  time: Connected to build server in 12s
2024.10.27 23:52:13 INFO  Connected to Build server: Bloop v2.0.3
2024.10.27 23:52:16 INFO  time: Imported build in 2.82s
2024.10.27 23:52:16 INFO  running doctor check
2024.10.27 23:52:16 INFO  java targets: root-test, taller-paralelismo-de-datos-2024-ii-build, root
2024.10.27 23:52:16 WARN  2.13.10 is no longer supported in the current Metals versions, using the last known supported version 1.3.3
2024.10.27 23:52:41 WARN  Flyway upgrade recommended: H2 2.3.232 is newer than this version of Flyway and support has not been tested. The latest supported version of H2 is 2.2.224.
oct. 27, 2024 11:52:45 P. M. org.eclipse.lsp4j.jsonrpc.RemoteEndpoint handleCancellation
ADVERTENCIA: Unmatched cancel notification for request id 17
oct. 27, 2024 11:52:45 P. M. org.eclipse.lsp4j.jsonrpc.RemoteEndpoint handleCancellation
ADVERTENCIA: Unmatched cancel notification for request id 16
2024.10.27 23:52:56 INFO  time: indexed workspace in 40s
oct. 27, 2024 11:52:59 P. M. org.eclipse.lsp4j.jsonrpc.RemoteEndpoint handleCancellation
ADVERTENCIA: Unmatched cancel notification for request id 22
oct. 27, 2024 11:53:00 P. M. org.eclipse.lsp4j.jsonrpc.RemoteEndpoint handleCancellation
ADVERTENCIA: Unmatched cancel notification for request id 23
oct. 27, 2024 11:53:33 P. M. org.eclipse.lsp4j.jsonrpc.RemoteEndpoint handleCancellation
ADVERTENCIA: Unmatched cancel notification for request id 40
oct. 27, 2024 11:53:34 P. M. org.eclipse.lsp4j.jsonrpc.RemoteEndpoint handleCancellation
ADVERTENCIA: Unmatched cancel notification for request id 43
2024.10.27 23:54:32 INFO  Shutting down server
2024.10.27 23:54:32 INFO  shutting down Metals
2024.10.27 23:54:32 INFO  Shut down connection with build server.
2024.10.27 23:54:32 INFO  Shut down connection with build server.
2024.10.27 23:54:32 INFO  Exiting server
2024.10.27 23:57:29 INFO  Started: Metals version 1.4.0 in folders 'C:\Users\LENOVO\Desktop\Taller Paralelismo de Datos 2024-II' for client Visual Studio Code 1.94.2.
2024.10.27 23:57:29 INFO  time: initialize in 0.46s
2024.10.27 23:57:33 WARN  Flyway upgrade recommended: H2 2.3.232 is newer than this version of Flyway and support has not been tested. The latest supported version of H2 is 2.2.224.
2024.10.27 23:57:33 INFO  no build target found for C:\Users\LENOVO\Desktop\Taller Paralelismo de Datos 2024-II\src\main\scala\common\package.scala. Using presentation compiler with project's scala-library version: 3.3.4
2024.10.27 23:57:35 INFO  Attempting to connect to the build server...
2024.10.27 23:57:36 INFO  Found a Bloop server running
2024.10.27 23:57:43 INFO  no build target found for C:\Users\LENOVO\Desktop\Taller Paralelismo de Datos 2024-II\src\main\scala\common\package.scala. Using presentation compiler with project's scala-library version: 3.3.4
2024.10.27 23:57:44 INFO  tracing is disabled for protocol BSP, to enable tracing of incoming and outgoing JSON messages create an empty file at C:\Users\LENOVO\Desktop\Taller Paralelismo de Datos 2024-II\.metals\bsp.trace.json
2024.10.27 23:57:44 INFO  Attempting to connect to the build server...
2024.10.27 23:57:44 INFO  Found a Bloop server running
2024.10.27 23:57:50 INFO  tracing is disabled for protocol BSP, to enable tracing of incoming and outgoing JSON messages create an empty file at C:\Users\LENOVO\Desktop\Taller Paralelismo de Datos 2024-II\project\.metals\bsp.trace.json
2024.10.27 23:57:50 INFO  time: Connected to build server in 15s
2024.10.27 23:57:50 INFO  Connected to Build server: Bloop v2.0.3
2024.10.27 23:57:51 INFO  time: Imported build in 0.79s
2024.10.27 23:57:51 INFO  running doctor check
2024.10.27 23:57:51 INFO  java targets: root-test, taller-paralelismo-de-datos-2024-ii-build, root
2024.10.27 23:57:51 WARN  2.13.10 is no longer supported in the current Metals versions, using the last known supported version 1.3.3
oct. 27, 2024 11:58:08 P. M. org.eclipse.lsp4j.jsonrpc.RemoteEndpoint handleCancellation
ADVERTENCIA: Unmatched cancel notification for request id 15
2024.10.27 23:58:20 WARN  Flyway upgrade recommended: H2 2.3.232 is newer than this version of Flyway and support has not been tested. The latest supported version of H2 is 2.2.224.
2024.10.27 23:58:25 INFO  time: indexed workspace in 34s
oct. 27, 2024 11:59:24 P. M. org.eclipse.lsp4j.jsonrpc.RemoteEndpoint handleCancellation
ADVERTENCIA: Unmatched cancel notification for request id 47
oct. 27, 2024 11:59:49 P. M. org.eclipse.lsp4j.jsonrpc.RemoteEndpoint handleCancellation
ADVERTENCIA: Unmatched cancel notification for request id 83
2024.10.28 00:00:45 INFO  Shutting down server
2024.10.28 00:00:45 INFO  shutting down Metals
2024.10.28 00:00:45 INFO  Shut down connection with build server.
2024.10.28 00:00:45 INFO  Shut down connection with build server.
2024.10.28 00:00:45 INFO  Exiting server
2024.10.28 00:01:24 INFO  Started: Metals version 1.4.0 in folders 'C:\Users\LENOVO\Desktop\Taller Paralelismo de Datos 2024-II' for client Visual Studio Code 1.94.2.
2024.10.28 00:01:26 WARN  Flyway upgrade recommended: H2 2.3.232 is newer than this version of Flyway and support has not been tested. The latest supported version of H2 is 2.2.224.
2024.10.28 00:01:26 INFO  no build target found for C:\Users\LENOVO\Desktop\Taller Paralelismo de Datos 2024-II\src\main\scala\common\package.scala. Using presentation compiler with project's scala-library version: 3.3.4
2024.10.28 00:01:33 INFO  no build target found for C:\Users\LENOVO\Desktop\Taller Paralelismo de Datos 2024-II\src\main\scala\common\package.scala. Using presentation compiler with project's scala-library version: 3.3.4
2024.10.28 00:01:33 INFO  Attempting to connect to the build server...
2024.10.28 00:01:33 INFO  Found a Bloop server running
2024.10.28 00:01:39 INFO  tracing is disabled for protocol BSP, to enable tracing of incoming and outgoing JSON messages create an empty file at C:\Users\LENOVO\Desktop\Taller Paralelismo de Datos 2024-II\.metals\bsp.trace.json
2024.10.28 00:01:39 INFO  Attempting to connect to the build server...
2024.10.28 00:01:39 INFO  Found a Bloop server running
2024.10.28 00:01:42 INFO  tracing is disabled for protocol BSP, to enable tracing of incoming and outgoing JSON messages create an empty file at C:\Users\LENOVO\Desktop\Taller Paralelismo de Datos 2024-II\project\.metals\bsp.trace.json or C:\Users\LENOVO\AppData\Local\scalameta\metals\cache\bsp.trace.json
2024.10.28 00:01:42 INFO  time: Connected to build server in 9.05s
2024.10.28 00:01:42 INFO  Connected to Build server: Bloop v2.0.3
2024.10.28 00:01:42 INFO  time: Imported build in 0.74s
2024.10.28 00:01:43 INFO  running doctor check
2024.10.28 00:01:43 INFO  java targets: root-test, taller-paralelismo-de-datos-2024-ii-build, root
2024.10.28 00:01:43 WARN  2.13.10 is no longer supported in the current Metals versions, using the last known supported version 1.3.3
2024.10.28 00:01:53 WARN  Flyway upgrade recommended: H2 2.3.232 is newer than this version of Flyway and support has not been tested. The latest supported version of H2 is 2.2.224.
2024.10.28 00:01:58 INFO  time: indexed workspace in 15s
2024.10.28 00:02:11 INFO  Shutting down server
2024.10.28 00:02:11 INFO  shutting down Metals
2024.10.28 00:02:11 INFO  Shut down connection with build server.
2024.10.28 00:02:12 INFO  Shut down connection with build server.
2024.10.28 00:02:11 INFO  Exiting server
2024.10.28 00:03:31 INFO  Started: Metals version 1.4.0 in folders 'C:\Users\LENOVO\Desktop\Taller Paralelismo de Datos 2024-II' for client Visual Studio Code 1.94.2.
2024.10.28 00:03:32 INFO  time: initialize in 0.54s
2024.10.28 00:03:36 WARN  Flyway upgrade recommended: H2 2.3.232 is newer than this version of Flyway and support has not been tested. The latest supported version of H2 is 2.2.224.
2024.10.28 00:03:37 INFO  no build target found for C:\Users\LENOVO\Desktop\Taller Paralelismo de Datos 2024-II\src\main\scala\common\package.scala. Using presentation compiler with project's scala-library version: 3.3.4
2024.10.28 00:03:51 INFO  no build target found for C:\Users\LENOVO\Desktop\Taller Paralelismo de Datos 2024-II\src\main\scala\common\package.scala. Using presentation compiler with project's scala-library version: 3.3.4
2024.10.28 00:03:54 INFO  Attempting to connect to the build server...
2024.10.28 00:03:55 INFO  Found a Bloop server running
2024.10.28 00:04:02 INFO  tracing is disabled for protocol BSP, to enable tracing of incoming and outgoing JSON messages create an empty file at C:\Users\LENOVO\Desktop\Taller Paralelismo de Datos 2024-II\.metals\bsp.trace.json
2024.10.28 00:04:03 INFO  Attempting to connect to the build server...
2024.10.28 00:04:03 INFO  Found a Bloop server running
2024.10.28 00:04:09 INFO  tracing is disabled for protocol BSP, to enable tracing of incoming and outgoing JSON messages create an empty file at C:\Users\LENOVO\Desktop\Taller Paralelismo de Datos 2024-II\project\.metals\bsp.trace.json
2024.10.28 00:04:09 INFO  time: Connected to build server in 15s
2024.10.28 00:04:09 INFO  Connected to Build server: Bloop v2.0.3
2024.10.28 00:04:12 INFO  time: Imported build in 2.44s
2024.10.28 00:04:12 INFO  running doctor check
2024.10.28 00:04:12 INFO  java targets: root-test, taller-paralelismo-de-datos-2024-ii-build, root
2024.10.28 00:04:12 WARN  2.13.10 is no longer supported in the current Metals versions, using the last known supported version 1.3.3
2024.10.28 00:04:53 WARN  Flyway upgrade recommended: H2 2.3.232 is newer than this version of Flyway and support has not been tested. The latest supported version of H2 is 2.2.224.
2024.10.28 00:05:11 INFO  time: indexed workspace in 59s
2024.10.28 00:06:07 INFO  time: code lens generation in 2.81s
2024.10.28 00:06:07 INFO  time: code lens generation in 3.15s
oct. 28, 2024 12:37:27 A. M. org.eclipse.lsp4j.jsonrpc.RemoteEndpoint handleCancellation
ADVERTENCIA: Unmatched cancel notification for request id 14
oct. 28, 2024 12:38:15 A. M. org.eclipse.lsp4j.jsonrpc.RemoteEndpoint handleCancellation
ADVERTENCIA: Unmatched cancel notification for request id 58
oct. 28, 2024 12:40:14 A. M. org.eclipse.lsp4j.jsonrpc.RemoteEndpoint handleCancellation
ADVERTENCIA: Unmatched cancel notification for request id 127
oct. 28, 2024 12:40:20 A. M. org.eclipse.lsp4j.jsonrpc.RemoteEndpoint handleCancellation
ADVERTENCIA: Unmatched cancel notification for request id 134
oct. 28, 2024 12:41:13 A. M. org.eclipse.lsp4j.jsonrpc.RemoteEndpoint handleCancellation
ADVERTENCIA: Unmatched cancel notification for request id 182
oct. 28, 2024 12:41:18 A. M. org.eclipse.lsp4j.jsonrpc.RemoteEndpoint handleCancellation
ADVERTENCIA: Unmatched cancel notification for request id 200
oct. 28, 2024 12:53:42 A. M. org.eclipse.lsp4j.jsonrpc.RemoteEndpoint handleCancellation
ADVERTENCIA: Unmatched cancel notification for request id 236
oct. 28, 2024 12:53:46 A. M. org.eclipse.lsp4j.jsonrpc.RemoteEndpoint handleCancellation
ADVERTENCIA: Unmatched cancel notification for request id 248
oct. 28, 2024 12:53:48 A. M. org.eclipse.lsp4j.jsonrpc.RemoteEndpoint handleCancellation
ADVERTENCIA: Unmatched cancel notification for request id 251
oct. 28, 2024 12:54:42 A. M. org.eclipse.lsp4j.jsonrpc.RemoteEndpoint handleCancellation
ADVERTENCIA: Unmatched cancel notification for request id 280
oct. 28, 2024 12:55:42 A. M. org.eclipse.lsp4j.jsonrpc.RemoteEndpoint handleCancellation
ADVERTENCIA: Unmatched cancel notification for request id 330
oct. 28, 2024 12:55:51 A. M. org.eclipse.lsp4j.jsonrpc.RemoteEndpoint handleCancellation
ADVERTENCIA: Unmatched cancel notification for request id 339
oct. 28, 2024 12:55:51 A. M. org.eclipse.lsp4j.jsonrpc.RemoteEndpoint handleCancellation
ADVERTENCIA: Unmatched cancel notification for request id 340
oct. 28, 2024 12:59:43 A. M. org.eclipse.lsp4j.jsonrpc.RemoteEndpoint handleCancellation
ADVERTENCIA: Unmatched cancel notification for request id 348
oct. 28, 2024 12:59:44 A. M. org.eclipse.lsp4j.jsonrpc.RemoteEndpoint handleCancellation
ADVERTENCIA: Unmatched cancel notification for request id 349
oct. 28, 2024 12:59:44 A. M. org.eclipse.lsp4j.jsonrpc.RemoteEndpoint handleCancellation
ADVERTENCIA: Unmatched cancel notification for request id 350
oct. 28, 2024 1:00:08 A. M. org.eclipse.lsp4j.jsonrpc.RemoteEndpoint handleCancellation
ADVERTENCIA: Unmatched cancel notification for request id 362
oct. 28, 2024 1:00:25 A. M. org.eclipse.lsp4j.jsonrpc.RemoteEndpoint handleCancellation
ADVERTENCIA: Unmatched cancel notification for request id 397
oct. 28, 2024 1:00:26 A. M. org.eclipse.lsp4j.jsonrpc.RemoteEndpoint handleCancellation
ADVERTENCIA: Unmatched cancel notification for request id 399
oct. 28, 2024 1:01:12 A. M. org.eclipse.lsp4j.jsonrpc.RemoteEndpoint handleCancellation
ADVERTENCIA: Unmatched cancel notification for request id 432
oct. 28, 2024 1:01:17 A. M. org.eclipse.lsp4j.jsonrpc.RemoteEndpoint handleCancellation
ADVERTENCIA: Unmatched cancel notification for request id 443
oct. 28, 2024 1:01:42 A. M. org.eclipse.lsp4j.jsonrpc.RemoteEndpoint handleCancellation
ADVERTENCIA: Unmatched cancel notification for request id 475
oct. 28, 2024 1:01:44 A. M. org.eclipse.lsp4j.jsonrpc.RemoteEndpoint handleCancellation
ADVERTENCIA: Unmatched cancel notification for request id 478
oct. 28, 2024 1:01:44 A. M. org.eclipse.lsp4j.jsonrpc.RemoteEndpoint handleCancellation
ADVERTENCIA: Unmatched cancel notification for request id 480
oct. 28, 2024 1:01:53 A. M. org.eclipse.lsp4j.jsonrpc.RemoteEndpoint handleCancellation
ADVERTENCIA: Unmatched cancel notification for request id 493
oct. 28, 2024 1:01:55 A. M. org.eclipse.lsp4j.jsonrpc.RemoteEndpoint handleCancellation
ADVERTENCIA: Unmatched cancel notification for request id 506
oct. 28, 2024 1:02:07 A. M. org.eclipse.lsp4j.jsonrpc.RemoteEndpoint handleCancellation
ADVERTENCIA: Unmatched cancel notification for request id 520
oct. 28, 2024 1:02:20 A. M. org.eclipse.lsp4j.jsonrpc.RemoteEndpoint handleCancellation
ADVERTENCIA: Unmatched cancel notification for request id 538
oct. 28, 2024 1:02:23 A. M. org.eclipse.lsp4j.jsonrpc.RemoteEndpoint handleCancellation
ADVERTENCIA: Unmatched cancel notification for request id 547
oct. 28, 2024 1:02:28 A. M. org.eclipse.lsp4j.jsonrpc.RemoteEndpoint handleCancellation
ADVERTENCIA: Unmatched cancel notification for request id 572
oct. 28, 2024 1:02:38 A. M. org.eclipse.lsp4j.jsonrpc.RemoteEndpoint handleCancellation
ADVERTENCIA: Unmatched cancel notification for request id 587
oct. 28, 2024 1:02:43 A. M. org.eclipse.lsp4j.jsonrpc.RemoteEndpoint handleCancellation
ADVERTENCIA: Unmatched cancel notification for request id 609
oct. 28, 2024 1:03:25 A. M. org.eclipse.lsp4j.jsonrpc.RemoteEndpoint handleCancellation
ADVERTENCIA: Unmatched cancel notification for request id 649
oct. 28, 2024 1:03:31 A. M. org.eclipse.lsp4j.jsonrpc.RemoteEndpoint handleCancellation
ADVERTENCIA: Unmatched cancel notification for request id 662
oct. 28, 2024 1:03:42 A. M. org.eclipse.lsp4j.jsonrpc.RemoteEndpoint handleCancellation
ADVERTENCIA: Unmatched cancel notification for request id 699
oct. 28, 2024 1:03:47 A. M. org.eclipse.lsp4j.jsonrpc.RemoteEndpoint handleCancellation
ADVERTENCIA: Unmatched cancel notification for request id 717
oct. 28, 2024 1:04:04 A. M. org.eclipse.lsp4j.jsonrpc.RemoteEndpoint handleCancellation
ADVERTENCIA: Unmatched cancel notification for request id 760
oct. 28, 2024 1:04:14 A. M. org.eclipse.lsp4j.jsonrpc.RemoteEndpoint handleCancellation
ADVERTENCIA: Unmatched cancel notification for request id 774
oct. 28, 2024 1:04:27 A. M. org.eclipse.lsp4j.jsonrpc.RemoteEndpoint handleCancellation
ADVERTENCIA: Unmatched cancel notification for request id 782
oct. 28, 2024 1:04:38 A. M. org.eclipse.lsp4j.jsonrpc.RemoteEndpoint handleCancellation
ADVERTENCIA: Unmatched cancel notification for request id 814
oct. 28, 2024 1:05:45 A. M. org.eclipse.lsp4j.jsonrpc.RemoteEndpoint handleCancellation
ADVERTENCIA: Unmatched cancel notification for request id 856
oct. 28, 2024 1:05:46 A. M. org.eclipse.lsp4j.jsonrpc.RemoteEndpoint handleCancellation
ADVERTENCIA: Unmatched cancel notification for request id 859
oct. 28, 2024 1:05:47 A. M. org.eclipse.lsp4j.jsonrpc.RemoteEndpoint handleCancellation
ADVERTENCIA: Unmatched cancel notification for request id 869
oct. 28, 2024 4:52:26 P. M. org.eclipse.lsp4j.jsonrpc.RemoteEndpoint handleCancellation
ADVERTENCIA: Unmatched cancel notification for request id 891
oct. 28, 2024 4:52:27 P. M. org.eclipse.lsp4j.jsonrpc.RemoteEndpoint handleCancellation
ADVERTENCIA: Unmatched cancel notification for request id 894
oct. 28, 2024 5:10:06 P. M. org.eclipse.lsp4j.jsonrpc.RemoteEndpoint handleCancellation
ADVERTENCIA: Unmatched cancel notification for request id 912
oct. 28, 2024 5:10:06 P. M. org.eclipse.lsp4j.jsonrpc.RemoteEndpoint handleCancellation
ADVERTENCIA: Unmatched cancel notification for request id 915
oct. 28, 2024 5:10:09 P. M. org.eclipse.lsp4j.jsonrpc.RemoteEndpoint handleCancellation
ADVERTENCIA: Unmatched cancel notification for request id 925
oct. 28, 2024 5:10:33 P. M. org.eclipse.lsp4j.jsonrpc.RemoteEndpoint handleCancellation
ADVERTENCIA: Unmatched cancel notification for request id 957
oct. 28, 2024 8:55:25 P. M. org.eclipse.lsp4j.jsonrpc.RemoteEndpoint handleCancellation
ADVERTENCIA: Unmatched cancel notification for request id 1002
2024.10.28 20:55:45 INFO  Shutting down server
2024.10.28 20:55:45 INFO  shutting down Metals
2024.10.28 20:58:00 INFO  Started: Metals version 1.4.0 in folders 'C:\Users\LENOVO\Desktop\Taller Paralelismo de Datos 2024-II' for client Visual Studio Code 1.94.2.
2024.10.28 20:58:00 INFO  time: initialize in 0.16s
2024.10.28 20:58:04 WARN  Flyway upgrade recommended: H2 2.3.232 is newer than this version of Flyway and support has not been tested. The latest supported version of H2 is 2.2.224.
2024.10.28 20:58:06 INFO  no build target found for C:\Users\LENOVO\Desktop\Taller Paralelismo de Datos 2024-II\src\main\scala\common\package.scala. Using presentation compiler with project's scala-library version: 3.3.4
2024.10.28 20:58:20 INFO  no build target found for C:\Users\LENOVO\Desktop\Taller Paralelismo de Datos 2024-II\src\main\scala\common\package.scala. Using presentation compiler with project's scala-library version: 3.3.4
2024.10.28 20:58:20 INFO  no build target found for C:\Users\LENOVO\Desktop\Taller Paralelismo de Datos 2024-II\src\main\scala\common\package.scala. Using presentation compiler with project's scala-library version: 3.3.4
2024.10.28 20:58:21 INFO  no build target found for C:\Users\LENOVO\Desktop\Taller Paralelismo de Datos 2024-II\src\main\scala\common\package.scala. Using presentation compiler with project's scala-library version: 3.3.4
2024.10.28 20:58:21 INFO  no build target found for C:\Users\LENOVO\Desktop\Taller Paralelismo de Datos 2024-II\src\main\scala\common\package.scala. Using presentation compiler with project's scala-library version: 3.3.4
oct. 28, 2024 8:58:22 P. M. org.eclipse.lsp4j.jsonrpc.RemoteEndpoint handleCancellation
ADVERTENCIA: Unmatched cancel notification for request id 2
2024.10.28 20:58:21 INFO  no build target found for C:\Users\LENOVO\Desktop\Taller Paralelismo de Datos 2024-II\src\main\scala\common\package.scala. Using presentation compiler with project's scala-library version: 3.3.4
2024.10.28 20:58:22 INFO  no build target found for C:\Users\LENOVO\Desktop\Taller Paralelismo de Datos 2024-II\src\main\scala\common\package.scala. Using presentation compiler with project's scala-library version: 3.3.4
2024.10.28 20:58:23 INFO  Attempting to connect to the build server...
2024.10.28 20:58:23 INFO  Found a Bloop server running
2024.10.28 20:58:30 INFO  tracing is disabled for protocol BSP, to enable tracing of incoming and outgoing JSON messages create an empty file at C:\Users\LENOVO\Desktop\Taller Paralelismo de Datos 2024-II\.metals\bsp.trace.json
2024.10.28 20:58:30 INFO  Attempting to connect to the build server...
2024.10.28 20:58:30 INFO  Found a Bloop server running
2024.10.28 20:58:36 INFO  no build target found for C:\Users\LENOVO\Desktop\Taller Paralelismo de Datos 2024-II\src\main\scala\common\package.scala. Using presentation compiler with project's scala-library version: 3.3.4
2024.10.28 20:58:36 INFO  tracing is disabled for protocol BSP, to enable tracing of incoming and outgoing JSON messages create an empty file at C:\Users\LENOVO\Desktop\Taller Paralelismo de Datos 2024-II\project\.metals\bsp.trace.json
2024.10.28 20:58:36 INFO  no build target found for C:\Users\LENOVO\Desktop\Taller Paralelismo de Datos 2024-II\src\main\scala\common\package.scala. Using presentation compiler with project's scala-library version: 3.3.4
oct. 28, 2024 8:58:36 P. M. org.eclipse.lsp4j.jsonrpc.RemoteEndpoint handleCancellation
ADVERTENCIA: Unmatched cancel notification for request id 12
oct. 28, 2024 8:58:36 P. M. org.eclipse.lsp4j.jsonrpc.RemoteEndpoint handleCancellation
ADVERTENCIA: Unmatched cancel notification for request id 3
2024.10.28 20:58:36 INFO  no build target found for C:\Users\LENOVO\Desktop\Taller Paralelismo de Datos 2024-II\src\main\scala\common\package.scala. Using presentation compiler with project's scala-library version: 3.3.4
2024.10.28 20:58:38 INFO  time: Connected to build server in 14s
2024.10.28 20:58:38 INFO  Connected to Build server: Bloop v2.0.3
2024.10.28 20:58:38 INFO  no build target found for C:\Users\LENOVO\Desktop\Taller Paralelismo de Datos 2024-II\src\main\scala\common\package.scala. Using presentation compiler with project's scala-library version: 3.3.4
2024.10.28 20:58:38 INFO  no build target found for C:\Users\LENOVO\Desktop\Taller Paralelismo de Datos 2024-II\src\main\scala\common\package.scala. Using presentation compiler with project's scala-library version: 3.3.4
2024.10.28 20:58:40 INFO  time: Imported build in 1.54s
2024.10.28 20:58:40 INFO  running doctor check
2024.10.28 20:58:40 INFO  java targets: root-test, taller-paralelismo-de-datos-2024-ii-build, root
2024.10.28 20:58:40 WARN  2.13.10 is no longer supported in the current Metals versions, using the last known supported version 1.3.3
2024.10.28 20:59:21 WARN  Flyway upgrade recommended: H2 2.3.232 is newer than this version of Flyway and support has not been tested. The latest supported version of H2 is 2.2.224.
oct. 28, 2024 8:59:22 P. M. org.eclipse.lsp4j.jsonrpc.RemoteEndpoint handleCancellation
ADVERTENCIA: Unmatched cancel notification for request id 41
oct. 28, 2024 8:59:27 P. M. org.eclipse.lsp4j.jsonrpc.RemoteEndpoint handleCancellation
ADVERTENCIA: Unmatched cancel notification for request id 43
oct. 28, 2024 8:59:35 P. M. scala.meta.internal.pc.CompilerAccess retryWithCleanCompiler
INFORMACIÓN: compiler crashed due to an error in the Scala compiler, retrying with new compiler instance.
oct. 28, 2024 8:59:45 P. M. org.eclipse.lsp4j.jsonrpc.RemoteEndpoint handleCancellation
ADVERTENCIA: Unmatched cancel notification for request id 67
oct. 28, 2024 8:59:53 P. M. org.eclipse.lsp4j.jsonrpc.RemoteEndpoint handleCancellation
ADVERTENCIA: Unmatched cancel notification for request id 76
2024.10.28 21:00:07 INFO  time: indexed workspace in 1m26s
2024.10.28 21:00:07 INFO  compiling root (1 scala source)
2024.10.28 21:00:14 INFO  time: compiled root in 6.38s
2024.10.28 21:00:16 INFO  time: code lens generation in 2.15s
2024.10.28 21:00:16 INFO  time: code lens generation in 2.18s
2024.10.28 21:00:16 INFO  time: code lens generation in 2.15s
2024.10.28 21:00:16 INFO  time: code lens generation in 2.15s
2024.10.28 21:00:16 INFO  time: code lens generation in 2.16s
2024.10.28 21:00:16 INFO  time: code lens generation in 2.31s
2024.10.28 21:00:16 INFO  time: code lens generation in 2.38s
2024.10.28 21:00:17 INFO  time: code lens generation in 2.56s
oct. 28, 2024 9:00:24 P. M. org.eclipse.lsp4j.jsonrpc.RemoteEndpoint handleCancellation
ADVERTENCIA: Unmatched cancel notification for request id 103
2024.10.28 21:00:33 INFO  Shutting down server
2024.10.28 21:00:33 INFO  shutting down Metals
2024.10.28 21:00:33 INFO  Shut down connection with build server.
2024.10.28 21:00:33 INFO  Shut down connection with build server.
2024.10.28 21:00:33 INFO  Exiting server
